<?xml version="1.0" encoding="UTF-8"?>
<!-- Generated by org.testng.reporters.JUnitReportReporter -->
<testsuite hostname="P0193551" failures="0" tests="1" name="Cucumber.TestNGTestRunner" time="34.703" errors="0" timestamp="2022-12-14T15:12:28 IST" skipped="0">
  <testcase classname="Cucumber.TestNGTestRunner" name="runScenario" time="34.703"/>
  <system-out/>
</testsuite> <!-- Cucumber.TestNGTestRunner -->
