<?xml version="1.0" encoding="UTF-8"?>
<!-- Generated by org.testng.reporters.JUnitReportReporter -->
<testsuite hostname="P0193551" failures="0" tests="1" name="Cucumber.TestNGTestRunner" time="28.617" errors="0" timestamp="2022-12-20T15:31:53 IST" skipped="0">
  <testcase classname="Cucumber.TestNGTestRunner" name="runScenario" time="28.617"/>
  <system-out/>
</testsuite> <!-- Cucumber.TestNGTestRunner -->
